[    5479ms] [INFO] %cDownload the React DevTools for a better development experience: https://react.dev/link/react-devtools font-weight:bold @ https://dev.provodnik.app/_next/static/chunks/node_modules_%40sentry_core_build_esm_0._qcpy._.js:10515
[    6917ms] [ERROR] WebSocket connection to 'wss://dev.provodnik.app/_next/webpack-hmr?id=LnPEKVywSL75ThD6IIXQg' failed: Error during WebSocket handshake: Unexpected response code: 502 @ https://dev.provodnik.app/_next/static/chunks/node_modules_next_dist_client_0.0dnbh._.js:14523
[    9244ms] [ERROR] WebSocket connection to 'wss://dev.provodnik.app/_next/webpack-hmr?id=LnPEKVywSL75ThD6IIXQg' failed: Error during WebSocket handshake: Unexpected response code: 502 @ https://dev.provodnik.app/_next/static/chunks/node_modules_next_dist_client_0.0dnbh._.js:14523
[   11572ms] [ERROR] WebSocket connection to 'wss://dev.provodnik.app/_next/webpack-hmr?id=LnPEKVywSL75ThD6IIXQg' failed: Error during WebSocket handshake: Unexpected response code: 502 @ https://dev.provodnik.app/_next/static/chunks/node_modules_next_dist_client_0.0dnbh._.js:14523
[   13996ms] [ERROR] WebSocket connection to 'wss://dev.provodnik.app/_next/webpack-hmr?id=LnPEKVywSL75ThD6IIXQg' failed: Error during WebSocket handshake: Unexpected response code: 502 @ https://dev.provodnik.app/_next/static/chunks/node_modules_next_dist_client_0.0dnbh._.js:14523
[   16341ms] [ERROR] WebSocket connection to 'wss://dev.provodnik.app/_next/webpack-hmr?id=LnPEKVywSL75ThD6IIXQg' failed: Error during WebSocket handshake: Unexpected response code: 502 @ https://dev.provodnik.app/_next/static/chunks/node_modules_next_dist_client_0.0dnbh._.js:14523
[   18928ms] [ERROR] WebSocket connection to 'wss://dev.provodnik.app/_next/webpack-hmr?id=LnPEKVywSL75ThD6IIXQg' failed: Error during WebSocket handshake: Unexpected response code: 502 @ https://dev.provodnik.app/_next/static/chunks/node_modules_next_dist_client_0.0dnbh._.js:14523
[   25902ms] [ERROR] WebSocket connection to 'wss://dev.provodnik.app/_next/webpack-hmr?id=LnPEKVywSL75ThD6IIXQg' failed: Error during WebSocket handshake: Unexpected response code: 502 @ https://dev.provodnik.app/_next/static/chunks/node_modules_next_dist_client_0.0dnbh._.js:14523
[   32540ms] [ERROR] WebSocket connection to 'wss://dev.provodnik.app/_next/webpack-hmr?id=LnPEKVywSL75ThD6IIXQg' failed: Error during WebSocket handshake: Unexpected response code: 502 @ https://dev.provodnik.app/_next/static/chunks/node_modules_next_dist_client_0.0dnbh._.js:14523
[   39079ms] [ERROR] WebSocket connection to 'wss://dev.provodnik.app/_next/webpack-hmr?id=LnPEKVywSL75ThD6IIXQg' failed: Error during WebSocket handshake: Unexpected response code: 502 @ https://dev.provodnik.app/_next/static/chunks/node_modules_next_dist_client_0.0dnbh._.js:14523
[   45758ms] [ERROR] WebSocket connection to 'wss://dev.provodnik.app/_next/webpack-hmr?id=LnPEKVywSL75ThD6IIXQg' failed: Error during WebSocket handshake: Unexpected response code: 502 @ https://dev.provodnik.app/_next/static/chunks/node_modules_next_dist_client_0.0dnbh._.js:14523
[   52483ms] [ERROR] WebSocket connection to 'wss://dev.provodnik.app/_next/webpack-hmr?id=LnPEKVywSL75ThD6IIXQg' failed: Error during WebSocket handshake: Unexpected response code: 502 @ https://dev.provodnik.app/_next/static/chunks/node_modules_next_dist_client_0.0dnbh._.js:14523
[   59198ms] [ERROR] WebSocket connection to 'wss://dev.provodnik.app/_next/webpack-hmr?id=LnPEKVywSL75ThD6IIXQg' failed: Error during WebSocket handshake: Unexpected response code: 502 @ https://dev.provodnik.app/_next/static/chunks/node_modules_next_dist_client_0.0dnbh._.js:14523
[   66348ms] [ERROR] WebSocket connection to 'wss://dev.provodnik.app/_next/webpack-hmr?id=LnPEKVywSL75ThD6IIXQg' failed: Error during WebSocket handshake: Unexpected response code: 502 @ https://dev.provodnik.app/_next/static/chunks/node_modules_next_dist_client_0.0dnbh._.js:14523
[   69473ms] [INFO] %cDownload the React DevTools for a better development experience: https://react.dev/link/react-devtools font-weight:bold @ https://dev.provodnik.app/_next/static/chunks/node_modules_%40sentry_core_build_esm_0._qcpy._.js:10515
[   71595ms] [ERROR] WebSocket connection to 'wss://dev.provodnik.app/_next/webpack-hmr?id=Bs_oZg1yizMK7ACj-W767' failed: Error during WebSocket handshake: Unexpected response code: 502 @ https://dev.provodnik.app/_next/static/chunks/node_modules_next_dist_client_0.0dnbh._.js:14523
[   74020ms] [ERROR] WebSocket connection to 'wss://dev.provodnik.app/_next/webpack-hmr?id=Bs_oZg1yizMK7ACj-W767' failed: Error during WebSocket handshake: Unexpected response code: 502 @ https://dev.provodnik.app/_next/static/chunks/node_modules_next_dist_client_0.0dnbh._.js:14523
[   76798ms] [ERROR] WebSocket connection to 'wss://dev.provodnik.app/_next/webpack-hmr?id=Bs_oZg1yizMK7ACj-W767' failed: Error during WebSocket handshake: Unexpected response code: 502 @ https://dev.provodnik.app/_next/static/chunks/node_modules_next_dist_client_0.0dnbh._.js:14523
[   79352ms] [ERROR] WebSocket connection to 'wss://dev.provodnik.app/_next/webpack-hmr?id=Bs_oZg1yizMK7ACj-W767' failed: Error during WebSocket handshake: Unexpected response code: 502 @ https://dev.provodnik.app/_next/static/chunks/node_modules_next_dist_client_0.0dnbh._.js:14523
[   81955ms] [ERROR] WebSocket connection to 'wss://dev.provodnik.app/_next/webpack-hmr?id=Bs_oZg1yizMK7ACj-W767' failed: Error during WebSocket handshake: Unexpected response code: 502 @ https://dev.provodnik.app/_next/static/chunks/node_modules_next_dist_client_0.0dnbh._.js:14523
[   85384ms] [ERROR] WebSocket connection to 'wss://dev.provodnik.app/_next/webpack-hmr?id=Bs_oZg1yizMK7ACj-W767' failed: Error during WebSocket handshake: Unexpected response code: 502 @ https://dev.provodnik.app/_next/static/chunks/node_modules_next_dist_client_0.0dnbh._.js:14523
[   92138ms] [ERROR] WebSocket connection to 'wss://dev.provodnik.app/_next/webpack-hmr?id=Bs_oZg1yizMK7ACj-W767' failed: Error during WebSocket handshake: Unexpected response code: 502 @ https://dev.provodnik.app/_next/static/chunks/node_modules_next_dist_client_0.0dnbh._.js:14523
[   98597ms] [ERROR] WebSocket connection to 'wss://dev.provodnik.app/_next/webpack-hmr?id=Bs_oZg1yizMK7ACj-W767' failed: Error during WebSocket handshake: Unexpected response code: 502 @ https://dev.provodnik.app/_next/static/chunks/node_modules_next_dist_client_0.0dnbh._.js:14523
[  105035ms] [ERROR] WebSocket connection to 'wss://dev.provodnik.app/_next/webpack-hmr?id=Bs_oZg1yizMK7ACj-W767' failed: Error during WebSocket handshake: Unexpected response code: 502 @ https://dev.provodnik.app/_next/static/chunks/node_modules_next_dist_client_0.0dnbh._.js:14523
[  111505ms] [ERROR] WebSocket connection to 'wss://dev.provodnik.app/_next/webpack-hmr?id=Bs_oZg1yizMK7ACj-W767' failed: Error during WebSocket handshake: Unexpected response code: 502 @ https://dev.provodnik.app/_next/static/chunks/node_modules_next_dist_client_0.0dnbh._.js:14523
[  117994ms] [ERROR] WebSocket connection to 'wss://dev.provodnik.app/_next/webpack-hmr?id=Bs_oZg1yizMK7ACj-W767' failed: Error during WebSocket handshake: Unexpected response code: 502 @ https://dev.provodnik.app/_next/static/chunks/node_modules_next_dist_client_0.0dnbh._.js:14523
[  124721ms] [ERROR] WebSocket connection to 'wss://dev.provodnik.app/_next/webpack-hmr?id=Bs_oZg1yizMK7ACj-W767' failed: Error during WebSocket handshake: Unexpected response code: 502 @ https://dev.provodnik.app/_next/static/chunks/node_modules_next_dist_client_0.0dnbh._.js:14523
[  131483ms] [ERROR] WebSocket connection to 'wss://dev.provodnik.app/_next/webpack-hmr?id=Bs_oZg1yizMK7ACj-W767' failed: Error during WebSocket handshake: Unexpected response code: 502 @ https://dev.provodnik.app/_next/static/chunks/node_modules_next_dist_client_0.0dnbh._.js:14523
[  134521ms] [INFO] %cDownload the React DevTools for a better development experience: https://react.dev/link/react-devtools font-weight:bold @ https://dev.provodnik.app/_next/static/chunks/node_modules_%40sentry_core_build_esm_0._qcpy._.js:10515
[  136661ms] [ERROR] WebSocket connection to 'wss://dev.provodnik.app/_next/webpack-hmr?id=EAxAe9XNBGdWKQfc4oNgs' failed: Error during WebSocket handshake: Unexpected response code: 502 @ https://dev.provodnik.app/_next/static/chunks/node_modules_next_dist_client_0.0dnbh._.js:14523
[  139840ms] [ERROR] WebSocket connection to 'wss://dev.provodnik.app/_next/webpack-hmr?id=EAxAe9XNBGdWKQfc4oNgs' failed: Error during WebSocket handshake: Unexpected response code: 502 @ https://dev.provodnik.app/_next/static/chunks/node_modules_next_dist_client_0.0dnbh._.js:14523
[  144996ms] [ERROR] WebSocket connection to 'wss://dev.provodnik.app/_next/webpack-hmr?id=EAxAe9XNBGdWKQfc4oNgs' failed: Error during WebSocket handshake: Unexpected response code: 502 @ https://dev.provodnik.app/_next/static/chunks/node_modules_next_dist_client_0.0dnbh._.js:14523
[  150851ms] [ERROR] WebSocket connection to 'wss://dev.provodnik.app/_next/webpack-hmr?id=EAxAe9XNBGdWKQfc4oNgs' failed: Error during WebSocket handshake: Unexpected response code: 502 @ https://dev.provodnik.app/_next/static/chunks/node_modules_next_dist_client_0.0dnbh._.js:14523
[  157276ms] [ERROR] WebSocket connection to 'wss://dev.provodnik.app/_next/webpack-hmr?id=EAxAe9XNBGdWKQfc4oNgs' failed: Error during WebSocket handshake: Unexpected response code: 502 @ https://dev.provodnik.app/_next/static/chunks/node_modules_next_dist_client_0.0dnbh._.js:14523
[  161919ms] [ERROR] WebSocket connection to 'wss://dev.provodnik.app/_next/webpack-hmr?id=EAxAe9XNBGdWKQfc4oNgs' failed: Error during WebSocket handshake: Unexpected response code: 502 @ https://dev.provodnik.app/_next/static/chunks/node_modules_next_dist_client_0.0dnbh._.js:14523
[  171925ms] [ERROR] WebSocket connection to 'wss://dev.provodnik.app/_next/webpack-hmr?id=EAxAe9XNBGdWKQfc4oNgs' failed: Error during WebSocket handshake: Unexpected response code: 502 @ https://dev.provodnik.app/_next/static/chunks/node_modules_next_dist_client_0.0dnbh._.js:14523
[  182226ms] [ERROR] WebSocket connection to 'wss://dev.provodnik.app/_next/webpack-hmr?id=EAxAe9XNBGdWKQfc4oNgs' failed: Error during WebSocket handshake: Unexpected response code: 502 @ https://dev.provodnik.app/_next/static/chunks/node_modules_next_dist_client_0.0dnbh._.js:14523
